build/outputs/logs/manifest-merger-debug-report.txt
-- Merging decision tree log ---
manifest
ADDED from src\main\AndroidManifest.xml:2:1-68:12
	package
		ADDED from src\main\AndroidManifest.xml:3:5-31
		INJECTED from src\main\AndroidManifest.xml
		INJECTED from src\main\AndroidManifest.xml
	android:versionName
		ADDED from src\main\AndroidManifest.xml:5:5-28
		INJECTED from src\main\AndroidManifest.xml
		INJECTED from src\main\AndroidManifest.xml
	xmlns:tools
		ADDED from src\main\AndroidManifest.xml:6:5-51
	android:versionCode
		ADDED from src\main\AndroidManifest.xml:4:5-28
		INJECTED from src\main\AndroidManifest.xml
		INJECTED from src\main\AndroidManifest.xml
	xmlns:android
		ADDED from src\main\AndroidManifest.xml:2:11-69
uses-permission#android.permission.CALL_PHONE
ADDED from src\main\AndroidManifest.xml:8:5-69
	android:name
		ADDED from src\main\AndroidManifest.xml:8:22-66
uses-permission#android.permission.NFC
ADDED from src\main\AndroidManifest.xml:9:5-62
MERGED from [taplinx-android:nxpnfcandroidlib:1.0] AndroidManifest.xml:11:5-62
	android:name
		ADDED from src\main\AndroidManifest.xml:9:22-59
uses-permission#android.permission.WRITE_EXTERNAL_STORAGE
ADDED from src\main\AndroidManifest.xml:10:5-81
	android:name
		ADDED from src\main\AndroidManifest.xml:10:22-78
uses-permission#android.permission.INTERNET
ADDED from src\main\AndroidManifest.xml:11:5-67
MERGED from [com.google.android.gms:play-services-analytics:8.3.0] AndroidManifest.xml:21:5-67
	android:name
		ADDED from src\main\AndroidManifest.xml:11:22-64
uses-permission#android.permission.ACCESS_NETWORK_STATE
ADDED from src\main\AndroidManifest.xml:12:5-79
MERGED from [com.google.android.gms:play-services-analytics:8.3.0] AndroidManifest.xml:22:5-79
	android:name
		ADDED from src\main\AndroidManifest.xml:12:22-76
uses-feature#android.hardware.nfc
ADDED from src\main\AndroidManifest.xml:15:5-17:35
	android:required
		ADDED from src\main\AndroidManifest.xml:17:9-32
	android:name
		ADDED from src\main\AndroidManifest.xml:16:9-44
supports-screens
ADDED from src\main\AndroidManifest.xml:19:5-25:40
	android:largeScreens
		ADDED from src\main\AndroidManifest.xml:21:9-36
	android:smallScreens
		ADDED from src\main\AndroidManifest.xml:24:9-36
	android:normalScreens
		ADDED from src\main\AndroidManifest.xml:22:9-37
	android:xlargeScreens
		ADDED from src\main\AndroidManifest.xml:25:9-37
	android:resizeable
		ADDED from src\main\AndroidManifest.xml:23:9-35
	android:anyDensity
		ADDED from src\main\AndroidManifest.xml:20:9-34
application
ADDED from src\main\AndroidManifest.xml:27:5-62:19
MERGED from [com.android.support:design:25.3.1] AndroidManifest.xml:29:5-20
MERGED from [com.android.support:transition:25.3.1] AndroidManifest.xml:26:5-20
MERGED from [taplinx-android:nxpnfcandroidlib:1.0] AndroidManifest.xml:13:5-43:19
MERGED from [com.google.android.gms:play-services-analytics:8.3.0] AndroidManifest.xml:24:5-20
MERGED from [com.google.android.gms:play-services-basement:8.3.0] AndroidManifest.xml:20:5-24:19
MERGED from [com.facebook.android:facebook-android-sdk:4.28.0] AndroidManifest.xml:28:5-29:19
MERGED from [com.facebook.android:facebook-login:4.28.0] AndroidManifest.xml:28:5-29:19
MERGED from [com.facebook.android:facebook-share:4.28.0] AndroidManifest.xml:28:5-29:19
MERGED from [com.facebook.android:facebook-common:4.28.0] AndroidManifest.xml:28:5-34:19
MERGED from [com.android.support:appcompat-v7:25.3.1] AndroidManifest.xml:29:5-20
MERGED from [com.android.support:animated-vector-drawable:25.3.1] AndroidManifest.xml:26:5-20
MERGED from [com.android.support:support-vector-drawable:25.3.1] AndroidManifest.xml:26:5-20
MERGED from [com.android.support:cardview-v7:25.3.1] AndroidManifest.xml:26:5-20
MERGED from [com.android.support:customtabs:25.3.1] AndroidManifest.xml:26:5-20
MERGED from [com.android.support:support-v4:25.3.1] AndroidManifest.xml:29:5-20
MERGED from [com.android.support:support-fragment:25.3.1] AndroidManifest.xml:29:5-20
MERGED from [com.android.support:support-media-compat:25.3.1] AndroidManifest.xml:29:5-20
MERGED from [com.android.support:support-core-ui:25.3.1] AndroidManifest.xml:29:5-20
MERGED from [com.facebook.android:facebook-places:4.28.0] AndroidManifest.xml:28:5-29:19
MERGED from [com.facebook.android:facebook-applinks:4.28.0] AndroidManifest.xml:28:5-29:19
MERGED from [com.facebook.android:facebook-messenger:4.28.0] AndroidManifest.xml:28:5-29:19
MERGED from [com.facebook.android:facebook-core:4.28.0] AndroidManifest.xml:28:5-43:19
MERGED from [com.android.support:support-core-utils:25.3.1] AndroidManifest.xml:29:5-20
MERGED from [com.android.support:support-compat:25.3.1] AndroidManifest.xml:29:5-20
MERGED from [com.android.support.constraint:constraint-layout:1.0.2] AndroidManifest.xml:9:5-20
	android:label
		ADDED from src\main\AndroidManifest.xml:32:9-41
	android:supportsRtl
		ADDED from [taplinx-android:nxpnfcandroidlib:1.0] AndroidManifest.xml:16:9-35
	android:allowBackup
		ADDED from src\main\AndroidManifest.xml:29:9-36
		REJECTED from [taplinx-android:nxpnfcandroidlib:1.0] AndroidManifest.xml:14:9-36
	android:icon
		ADDED from src\main\AndroidManifest.xml:31:9-46
	android:description
		ADDED from src\main\AndroidManifest.xml:30:9-47
	android:theme
		ADDED from src\main\AndroidManifest.xml:34:9-56
	android:logo
		ADDED from src\main\AndroidManifest.xml:33:9-37
	tools:replace
		ADDED from src\main\AndroidManifest.xml:28:9-44
activity#com.nxp.sampletaplinx.SplashActivity
ADDED from src\main\AndroidManifest.xml:35:9-43:20
	android:screenOrientation
		ADDED from src\main\AndroidManifest.xml:37:13-49
	android:theme
		ADDED from src\main\AndroidManifest.xml:38:13-77
	android:name
		ADDED from src\main\AndroidManifest.xml:36:13-64
intent-filter#android.intent.action.MAIN+android.intent.category.LAUNCHER
ADDED from src\main\AndroidManifest.xml:39:13-42:29
action#android.intent.action.MAIN
ADDED from src\main\AndroidManifest.xml:40:17-69
	android:name
		ADDED from src\main\AndroidManifest.xml:40:25-66
category#android.intent.category.LAUNCHER
ADDED from src\main\AndroidManifest.xml:41:17-77
	android:name
		ADDED from src\main\AndroidManifest.xml:41:27-74
activity#com.nxp.sampletaplinx.MainActivity
ADDED from src\main\AndroidManifest.xml:44:9-59:20
	android:screenOrientation
		ADDED from src\main\AndroidManifest.xml:49:13-49
	android:label
		ADDED from src\main\AndroidManifest.xml:46:13-45
	android:theme
		ADDED from src\main\AndroidManifest.xml:48:13-83
	android:logo
		ADDED from src\main\AndroidManifest.xml:47:13-41
	android:name
		ADDED from src\main\AndroidManifest.xml:45:13-62
intent-filter#android.intent.category.DEFAULT+android.nfc.action.NDEF_DISCOVERED+android.nfc.action.TAG_DISCOVERED+android.nfc.action.TECH_DISCOVERED
ADDED from src\main\AndroidManifest.xml:50:13-57:29
action#android.nfc.action.NDEF_DISCOVERED
ADDED from src\main\AndroidManifest.xml:51:17-77
	android:name
		ADDED from src\main\AndroidManifest.xml:51:25-74
action#android.nfc.action.TAG_DISCOVERED
ADDED from src\main\AndroidManifest.xml:52:17-76
	android:name
		ADDED from src\main\AndroidManifest.xml:52:25-73
action#android.nfc.action.TECH_DISCOVERED
ADDED from src\main\AndroidManifest.xml:53:17-77
	android:name
		ADDED from src\main\AndroidManifest.xml:53:25-74
category#android.intent.category.DEFAULT
ADDED from src\main\AndroidManifest.xml:55:17-76
	android:name
		ADDED from src\main\AndroidManifest.xml:55:27-73
meta-data#com.facebook.sdk.ApplicationId
ADDED from src\main\AndroidManifest.xml:61:9-107
	android:value
		ADDED from src\main\AndroidManifest.xml:61:66-105
	android:name
		ADDED from src\main\AndroidManifest.xml:61:20-65
provider#com.facebook.FacebookContentProvider
ADDED from src\main\AndroidManifest.xml:64:5-66:34
	android:authorities
		ADDED from src\main\AndroidManifest.xml:64:15-93
	android:exported
		ADDED from src\main\AndroidManifest.xml:66:9-32
	android:name
		ADDED from src\main\AndroidManifest.xml:65:9-60
uses-sdk
INJECTED from src\main\AndroidManifest.xml reason: use-sdk injection requested
MERGED from [com.android.support:design:25.3.1] AndroidManifest.xml:21:5-23:62
MERGED from [com.android.support:recyclerview-v7:25.3.1] AndroidManifest.xml:20:5-43
MERGED from [com.android.support:transition:25.3.1] AndroidManifest.xml:20:5-44
MERGED from [taplinx-android:nxpnfcandroidlib:1.0] AndroidManifest.xml:7:5-9:41
MERGED from [com.google.android.gms:play-services-analytics:8.3.0] AndroidManifest.xml:18:5-42
MERGED from [com.google.android.gms:play-services-basement:8.3.0] AndroidManifest.xml:18:5-42
MERGED from [com.facebook.android:facebook-android-sdk:4.28.0] AndroidManifest.xml:24:5-26:41
MERGED from [com.facebook.android:facebook-login:4.28.0] AndroidManifest.xml:24:5-26:41
MERGED from [com.facebook.android:facebook-share:4.28.0] AndroidManifest.xml:24:5-26:41
MERGED from [com.facebook.android:facebook-common:4.28.0] AndroidManifest.xml:24:5-26:41
MERGED from [com.android.support:appcompat-v7:25.3.1] AndroidManifest.xml:21:5-23:78
MERGED from [com.android.support:animated-vector-drawable:25.3.1] AndroidManifest.xml:20:5-44
MERGED from [com.android.support:support-vector-drawable:25.3.1] AndroidManifest.xml:20:5-43
MERGED from [com.android.support:cardview-v7:25.3.1] AndroidManifest.xml:20:5-43
MERGED from [com.android.support:customtabs:25.3.1] AndroidManifest.xml:20:5-44
MERGED from [com.android.support:support-v4:25.3.1] AndroidManifest.xml:21:5-23:54
MERGED from [com.android.support:support-fragment:25.3.1] AndroidManifest.xml:21:5-23:60
MERGED from [com.android.support:support-media-compat:25.3.1] AndroidManifest.xml:21:5-23:63
MERGED from [com.android.support:support-core-ui:25.3.1] AndroidManifest.xml:21:5-23:58
MERGED from [com.facebook.android:facebook-places:4.28.0] AndroidManifest.xml:24:5-26:41
MERGED from [com.facebook.android:facebook-applinks:4.28.0] AndroidManifest.xml:24:5-26:41
MERGED from [com.facebook.android:facebook-messenger:4.28.0] AndroidManifest.xml:24:5-26:41
MERGED from [com.facebook.android:facebook-core:4.28.0] AndroidManifest.xml:24:5-26:41
MERGED from [com.android.support:support-core-utils:25.3.1] AndroidManifest.xml:21:5-23:61
MERGED from [com.android.support:support-compat:25.3.1] AndroidManifest.xml:21:5-23:58
MERGED from [com.android.support.constraint:constraint-layout:1.0.2] AndroidManifest.xml:5:5-7:41
	tools:overrideLibrary
		ADDED from [com.android.support:design:25.3.1] AndroidManifest.xml:23:9-59
	android:targetSdkVersion
		INJECTED from src\main\AndroidManifest.xml
		INJECTED from src\main\AndroidManifest.xml
	android:minSdkVersion
		INJECTED from src\main\AndroidManifest.xml
		INJECTED from src\main\AndroidManifest.xml
meta-data#android.support.VERSION
ADDED from [com.android.support:design:25.3.1] AndroidManifest.xml:25:5-27:34
MERGED from [com.android.support:recyclerview-v7:25.3.1] AndroidManifest.xml:22:5-24:34
MERGED from [com.android.support:transition:25.3.1] AndroidManifest.xml:22:5-24:34
MERGED from [com.android.support:appcompat-v7:25.3.1] AndroidManifest.xml:25:5-27:34
MERGED from [com.android.support:animated-vector-drawable:25.3.1] AndroidManifest.xml:22:5-24:34
MERGED from [com.android.support:support-vector-drawable:25.3.1] AndroidManifest.xml:22:5-24:34
MERGED from [com.android.support:cardview-v7:25.3.1] AndroidManifest.xml:22:5-24:34
MERGED from [com.android.support:customtabs:25.3.1] AndroidManifest.xml:22:5-24:34
MERGED from [com.android.support:support-v4:25.3.1] AndroidManifest.xml:25:5-27:34
MERGED from [com.android.support:support-fragment:25.3.1] AndroidManifest.xml:25:5-27:34
MERGED from [com.android.support:support-media-compat:25.3.1] AndroidManifest.xml:25:5-27:34
MERGED from [com.android.support:support-core-ui:25.3.1] AndroidManifest.xml:25:5-27:34
MERGED from [com.android.support:support-core-utils:25.3.1] AndroidManifest.xml:25:5-27:34
MERGED from [com.android.support:support-compat:25.3.1] AndroidManifest.xml:25:5-27:34
	android:value
		ADDED from [com.android.support:design:25.3.1] AndroidManifest.xml:27:9-31
	android:name
		ADDED from [com.android.support:design:25.3.1] AndroidManifest.xml:26:9-47
receiver#com.google.android.gms.analytics.AnalyticsReceiver
ADDED from [taplinx-android:nxpnfcandroidlib:1.0] AndroidManifest.xml:17:9-23:20
	android:enabled
		ADDED from [taplinx-android:nxpnfcandroidlib:1.0] AndroidManifest.xml:19:13-35
	android:name
		ADDED from [taplinx-android:nxpnfcandroidlib:1.0] AndroidManifest.xml:18:13-78
intent-filter#com.google.android.gms.analytics.ANALYTICS_DISPATCH
ADDED from [taplinx-android:nxpnfcandroidlib:1.0] AndroidManifest.xml:20:13-22:29
action#com.google.android.gms.analytics.ANALYTICS_DISPATCH
ADDED from [taplinx-android:nxpnfcandroidlib:1.0] AndroidManifest.xml:21:17-94
	android:name
		ADDED from [taplinx-android:nxpnfcandroidlib:1.0] AndroidManifest.xml:21:25-91
service#com.google.android.gms.analytics.AnalyticsService
ADDED from [taplinx-android:nxpnfcandroidlib:1.0] AndroidManifest.xml:25:9-28:40
	android:enabled
		ADDED from [taplinx-android:nxpnfcandroidlib:1.0] AndroidManifest.xml:27:13-35
	android:exported
		ADDED from [taplinx-android:nxpnfcandroidlib:1.0] AndroidManifest.xml:28:13-37
	android:name
		ADDED from [taplinx-android:nxpnfcandroidlib:1.0] AndroidManifest.xml:26:13-77
receiver#com.google.android.gms.analytics.CampaignTrackingReceiver
ADDED from [taplinx-android:nxpnfcandroidlib:1.0] AndroidManifest.xml:34:9-40:20
	android:exported
		ADDED from [taplinx-android:nxpnfcandroidlib:1.0] AndroidManifest.xml:36:13-36
	android:name
		ADDED from [taplinx-android:nxpnfcandroidlib:1.0] AndroidManifest.xml:35:13-85
intent-filter#com.android.vending.INSTALL_REFERRER
ADDED from [taplinx-android:nxpnfcandroidlib:1.0] AndroidManifest.xml:37:13-39:29
action#com.android.vending.INSTALL_REFERRER
ADDED from [taplinx-android:nxpnfcandroidlib:1.0] AndroidManifest.xml:38:17-79
	android:name
		ADDED from [taplinx-android:nxpnfcandroidlib:1.0] AndroidManifest.xml:38:25-76
service#com.google.android.gms.analytics.CampaignTrackingService
ADDED from [taplinx-android:nxpnfcandroidlib:1.0] AndroidManifest.xml:42:9-92
	android:name
		ADDED from [taplinx-android:nxpnfcandroidlib:1.0] AndroidManifest.xml:42:18-89
meta-data#com.google.android.gms.version
ADDED from [com.google.android.gms:play-services-basement:8.3.0] AndroidManifest.xml:21:9-23:69
	android:value
		ADDED from [com.google.android.gms:play-services-basement:8.3.0] AndroidManifest.xml:23:13-66
	android:name
		ADDED from [com.google.android.gms:play-services-basement:8.3.0] AndroidManifest.xml:22:13-58
activity#com.facebook.FacebookActivity
ADDED from [com.facebook.android:facebook-common:4.28.0] AndroidManifest.xml:29:9-32:66
	android:configChanges
		ADDED from [com.facebook.android:facebook-common:4.28.0] AndroidManifest.xml:31:13-96
	android:theme
		ADDED from [com.facebook.android:facebook-common:4.28.0] AndroidManifest.xml:32:13-63
	android:name
		ADDED from [com.facebook.android:facebook-common:4.28.0] AndroidManifest.xml:30:13-57
activity#com.facebook.CustomTabMainActivity
ADDED from [com.facebook.android:facebook-common:4.28.0] AndroidManifest.xml:33:9-71
	android:name
		ADDED from [com.facebook.android:facebook-common:4.28.0] AndroidManifest.xml:33:19-68
provider#com.facebook.internal.FacebookInitProvider
ADDED from [com.facebook.android:facebook-core:4.28.0] AndroidManifest.xml:39:9-42:40
	android:authorities
		ADDED from [com.facebook.android:facebook-core:4.28.0] AndroidManifest.xml:41:13-72
	android:exported
		ADDED from [com.facebook.android:facebook-core:4.28.0] AndroidManifest.xml:42:13-37
	android:name
		ADDED from [com.facebook.android:facebook-core:4.28.0] AndroidManifest.xml:40:13-70